<?xml version="1.0" encoding="UTF-8"?>
<!-- Generated by org.testng.reporters.JUnitReportReporter -->
<testsuite hostname="LAPTOP-VM39S5VI" failures="0" tests="1" name="TestnGPkg.FileUploadAutoit" time="6.975" errors="0" timestamp="2024-09-22T14:29:28 IST" skipped="0">
  <testcase classname="TestnGPkg.FileUploadAutoit" name="upload" time="6.975"/>
  <system-out/>
</testsuite> <!-- TestnGPkg.FileUploadAutoit -->
