<?xml version="1.0" encoding="UTF-8"?>
<!-- Generated by org.testng.reporters.JUnitReportReporter -->
<testsuite hostname="LAPTOP-VM39S5VI" failures="0" tests="1" name="TestnGPkg.Ebay" time="5.617" errors="0" timestamp="2024-09-09T12:55:07 IST" skipped="0">
  <testcase classname="TestnGPkg.Ebay" name="test" time="5.617"/>
  <system-out/>
</testsuite> <!-- TestnGPkg.Ebay -->
