<?xml version="1.0" encoding="UTF-8"?>
<!-- Generated by org.testng.reporters.JUnitReportReporter -->
<testsuite hostname="LAPTOP-VM39S5VI" failures="0" tests="1" name="webdriverpakage.DatafromXML" time="0.043" errors="0" timestamp="2024-09-06T11:48:28 IST" skipped="0">
  <testcase classname="webdriverpakage.DatafromXML" name="datafromXML" time="0.043"/>
  <system-out/>
</testsuite> <!-- webdriverpakage.DatafromXML -->
