<?xml version="1.0" encoding="UTF-8"?>
<!-- Generated by org.testng.reporters.JUnitReportReporter -->
<testsuite hostname="LAPTOP-VM39S5VI" failures="0" tests="1" name="TestnGPkg.DragAndDrop" time="1.725" errors="0" timestamp="2024-09-10T14:48:52 IST" skipped="0">
  <testcase classname="TestnGPkg.DragAndDrop" name="draganddrop1" time="1.725"/>
  <system-out/>
</testsuite> <!-- TestnGPkg.DragAndDrop -->
