<?xml version="1.0" encoding="UTF-8"?>
<!-- Generated by org.testng.reporters.JUnitReportReporter -->
<testsuite hostname="LAPTOP-VM39S5VI" failures="0" tests="7" name="webdriverpakage.TestngBasics" time="0.096" errors="0" timestamp="2024-09-05T12:45:23 IST" skipped="1">
  <testcase classname="webdriverpakage.TestngBasics" name="test5" time="0.041"/>
  <system-out/>
  <testcase classname="webdriverpakage.TestngBasics" name="test3" time="0.011"/>
  <system-out/>
  <testcase classname="webdriverpakage.TestngBasics" name="test2" time="0.012"/>
  <system-out/>
  <testcase classname="webdriverpakage.TestngBasics" name="test1" time="0.009"/>
  <system-out/>
  <testcase classname="webdriverpakage.TestngBasics" name="test1" time="0.012"/>
  <system-out/>
  <testcase classname="webdriverpakage.TestngBasics" name="test1" time="0.011"/>
  <system-out/>
  <testcase classname="webdriverpakage.TestngBasics" name="test4">
    <skipped/>
  </testcase> <!-- test4 -->
  <system-out/>
</testsuite> <!-- webdriverpakage.TestngBasics -->
