<?xml version="1.0" encoding="UTF-8"?>
<!-- Generated by org.testng.reporters.JUnitReportReporter -->
<testsuite hostname="LAPTOP-VM39S5VI" failures="0" tests="1" name="TestnGPkg.Guru99WindowHandling" time="2.202" errors="0" timestamp="2024-09-24T11:31:28 IST" skipped="0">
  <testcase classname="TestnGPkg.Guru99WindowHandling" name="windowHandle" time="2.202"/>
  <system-out/>
</testsuite> <!-- TestnGPkg.Guru99WindowHandling -->
