<?xml version="1.0" encoding="UTF-8"?>
<!-- Generated by org.testng.reporters.JUnitReportReporter -->
<testsuite hostname="LAPTOP-VM39S5VI" failures="0" tests="1" name="TestnGPkg.FileUploadRobotClass" time="3.854" errors="0" timestamp="2024-09-21T22:31:25 IST" skipped="0">
  <testcase classname="TestnGPkg.FileUploadRobotClass" name="sendpath" time="3.854"/>
  <system-out/>
</testsuite> <!-- TestnGPkg.FileUploadRobotClass -->
