<?xml version="1.0" encoding="UTF-8"?>
<!-- Generated by org.testng.reporters.JUnitReportReporter -->
<testsuite hostname="LAPTOP-VM39S5VI" failures="0" tests="1" name="TestnGPkg.FacebookLoginTest" time="12.417" errors="0" timestamp="2024-09-11T11:24:44 IST" skipped="0">
  <testcase classname="TestnGPkg.FacebookLoginTest" name="test" time="12.417"/>
  <system-out/>
</testsuite> <!-- TestnGPkg.FacebookLoginTest -->
