<?xml version="1.0" encoding="UTF-8"?>
<!-- Generated by org.testng.reporters.JUnitReportReporter -->
<testsuite hostname="LAPTOP-VM39S5VI" failures="0" tests="4" name="TestnGPkg.ReddifTask" time="0.397" errors="0" timestamp="2024-09-11T10:55:00 IST" skipped="0">
  <testcase classname="TestnGPkg.ReddifTask" name="buttonEnabled" time="0.103"/>
  <system-out/>
  <testcase classname="TestnGPkg.ReddifTask" name="radioButton" time="0.094"/>
  <system-out/>
  <testcase classname="TestnGPkg.ReddifTask" name="checktext" time="0.122"/>
  <system-out/>
  <testcase classname="TestnGPkg.ReddifTask" name="testLogo" time="0.078"/>
  <system-out/>
</testsuite> <!-- TestnGPkg.ReddifTask -->
