<?xml version="1.0" encoding="UTF-8"?>
<!-- Generated by org.testng.reporters.JUnitReportReporter -->
<testsuite hostname="LAPTOP-VM39S5VI" failures="0" tests="1" name="TestnGPkg.Datepicker" time="2.228" errors="0" timestamp="2024-09-22T19:54:04 IST" skipped="0">
  <testcase classname="TestnGPkg.Datepicker" name="datepick" time="2.228"/>
  <system-out/>
</testsuite> <!-- TestnGPkg.Datepicker -->
