<?xml version="1.0" encoding="UTF-8"?>
<!-- Generated by org.testng.reporters.JUnitReportReporter -->
<testsuite hostname="LAPTOP-VM39S5VI" failures="0" tests="1" name="TestnGPkg.Events" time="1.290" errors="0" timestamp="2024-09-09T11:39:27 IST" skipped="0">
  <testcase classname="TestnGPkg.Events" name="copyPaste" time="1.290"/>
  <system-out/>
</testsuite> <!-- TestnGPkg.Events -->
