<?xml version="1.0" encoding="UTF-8"?>
<!-- Generated by org.testng.reporters.JUnitReportReporter -->
<testsuite hostname="LAPTOP-VM39S5VI" failures="0" tests="1" name="TestnGPkg.Taskjanasya" time="3.801" errors="0" timestamp="2024-09-22T15:23:33 IST" skipped="0">
  <testcase classname="TestnGPkg.Taskjanasya" name="task" time="3.801"/>
  <system-out/>
</testsuite> <!-- TestnGPkg.Taskjanasya -->
