<?xml version="1.0" encoding="UTF-8"?>
<!-- Generated by org.testng.reporters.JUnitReportReporter -->
<testsuite hostname="LAPTOP-VM39S5VI" failures="0" tests="1" name="TestnGPkg.FileUpload" time="0.375" errors="0" timestamp="2024-09-21T15:42:04 IST" skipped="0">
  <testcase classname="TestnGPkg.FileUpload" name="upload" time="0.375"/>
  <system-out/>
</testsuite> <!-- TestnGPkg.FileUpload -->
