<?xml version="1.0" encoding="UTF-8"?>
<!-- Generated by org.testng.reporters.JUnitReportReporter -->
<testsuite hostname="LAPTOP-VM39S5VI" failures="0" tests="1" name="TestnGPkg.TestDriven" time="38.857" errors="0" timestamp="2024-09-11T18:15:58 IST" skipped="0">
  <testcase classname="TestnGPkg.TestDriven" name="test" time="38.857"/>
  <system-out/>
</testsuite> <!-- TestnGPkg.TestDriven -->
